<?xml version="1.0" encoding="UTF-8"?>
<testsuite xmlns:xsi="http://www.w3.org/2001/XMLSchema-instance" xsi:noNamespaceSchemaLocation="https://maven.apache.org/surefire/maven-surefire-plugin/xsd/surefire-test-report-3.0.xsd" version="3.0" name="com.Reservas.app.ReservasProyectosApplicationTests" time="5.964" tests="1" errors="0" skipped="0" failures="0">
  <properties>
[...]
</properties>
  <testcase name="contextLoads" classname="com.Reservas.app.ReservasProyectosApplicationTests" time="1.297">
    <system-out><![CDATA[19:48:17.199 [main] INFO org.springframework.test.context.support.AnnotationConfigContextLoaderUtils -- Could not detect default configuration classes for test class [com.Reservas.app.ReservasProyectosApplicationTests]: ReservasProyectosApplicationTests does not declare any static, non-private, non-final, nested classes annotated with @Configuration.
19:48:17.368 [main] INFO org.springframework.boot.test.context.SpringBootTestContextBootstrapper -- Found @SpringBootConfiguration com.Reservas.app.ReservasProyectosApplication for test class com.Reservas.app.ReservasProyectosApplicationTests
19:48:17.619 [main] INFO org.springframework.boot.devtools.restart.RestartApplicationListener -- Restart disabled due to context in which it is running

  .   ____          _            __ _ _
 /\\ / ___'_ __ _ _(_)_ __  __ _ \ \ \ \
( ( )\___ | '_ | '_| | '_ \/ _` | \ \ \ \
 \\/  ___)| |_)| | | | | || (_| |  ) ) ) )
  '  |____| .__|_| |_|_| |_\__, | / / / /
 =========|_|==============|___/=/_/_/_/

 :: Spring Boot ::                (v3.3.5)

2024-11-28T19:48:17.996-05:00  INFO 19048 --- [Reservas-proyectos] [           main] c.R.a.ReservasProyectosApplicationTests  : Starting ReservasProyectosApplicationTests using Java 21.0.3 with PID 19048 (started by Usuario in C:\TRABAJOS SPRING\Reservas-proyectos)
2024-11-28T19:48:17.998-05:00  INFO 19048 --- [Reservas-proyectos] [           main] c.R.a.ReservasProyectosApplicationTests  : The following 1 profile is active: "test"
2024-11-28T19:48:18.992-05:00  INFO 19048 --- [Reservas-proyectos] [           main] .s.d.r.c.RepositoryConfigurationDelegate : Bootstrapping Spring Data MongoDB repositories in DEFAULT mode.
2024-11-28T19:48:19.079-05:00  INFO 19048 --- [Reservas-proyectos] [           main] .s.d.r.c.RepositoryConfigurationDelegate : Finished Spring Data repository scanning in 81 ms. Found 3 MongoDB repository interfaces.
2024-11-28T19:48:19.917-05:00  INFO 19048 --- [Reservas-proyectos] [           main] org.mongodb.driver.client                : MongoClient with metadata {"driver": {"name": "mongo-java-driver|sync|spring-boot", "version": "5.0.1"}, "os": {"type": "Windows", "name": "Windows 10", "architecture": "amd64", "version": "10.0"}, "platform": "Java/Eclipse Adoptium/21.0.3+9-LTS"} created with settings MongoClientSettings{readPreference=primary, writeConcern=WriteConcern{w=null, wTimeout=null ms, journal=null}, retryWrites=true, retryReads=true, readConcern=ReadConcern{level=null}, credential=MongoCredential{mechanism=null, userName='santiago', source='admin', password=<hidden>, mechanismProperties=<hidden>}, transportSettings=null, commandListeners=[], codecRegistry=ProvidersCodecRegistry{codecProviders=[ValueCodecProvider{}, BsonValueCodecProvider{}, DBRefCodecProvider{}, DBObjectCodecProvider{}, DocumentCodecProvider{}, CollectionCodecProvider{}, IterableCodecProvider{}, MapCodecProvider{}, GeoJsonCodecProvider{}, GridFSFileCodecProvider{}, Jsr310CodecProvider{}, JsonObjectCodecProvider{}, BsonCodecProvider{}, EnumCodecProvider{}, com.mongodb.client.model.mql.ExpressionCodecProvider@764b14b8, com.mongodb.Jep395RecordCodecProvider@202d9236, com.mongodb.KotlinCodecProvider@1f782c05]}, loggerSettings=LoggerSettings{maxDocumentLength=1000}, clusterSettings={hosts=[127.0.0.1:27017], srvHost=servidorsantiago.toln7.mongodb.net, srvServiceName=mongodb, mode=MULTIPLE, requiredClusterType=REPLICA_SET, requiredReplicaSetName='atlas-q80vlc-shard-0', serverSelector='null', clusterListeners='[]', serverSelectionTimeout='30000 ms', localThreshold='15 ms'}, socketSettings=SocketSettings{connectTimeoutMS=10000, readTimeoutMS=0, receiveBufferSize=0, proxySettings=ProxySettings{host=null, port=null, username=null, password=null}}, heartbeatSocketSettings=SocketSettings{connectTimeoutMS=10000, readTimeoutMS=10000, receiveBufferSize=0, proxySettings=ProxySettings{host=null, port=null, username=null, password=null}}, connectionPoolSettings=ConnectionPoolSettings{maxSize=100, minSize=0, maxWaitTimeMS=120000, maxConnectionLifeTimeMS=0, maxConnectionIdleTimeMS=0, maintenanceInitialDelayMS=0, maintenanceFrequencyMS=60000, connectionPoolListeners=[], maxConnecting=2}, serverSettings=ServerSettings{heartbeatFrequencyMS=10000, minHeartbeatFrequencyMS=500, serverListeners='[]', serverMonitorListeners='[]'}, sslSettings=SslSettings{enabled=true, invalidHostNameAllowed=false, context=null}, applicationName='null', compressorList=[], uuidRepresentation=JAVA_LEGACY, serverApi=null, autoEncryptionSettings=null, dnsClient=null, inetAddressResolver=null, contextProvider=null}
2024-11-28T19:48:19.928-05:00  INFO 19048 --- [Reservas-proyectos] [ln7.mongodb.net] org.mongodb.driver.cluster               : Adding discovered server servidorsantiago-shard-00-01.toln7.mongodb.net:27017 to client view of cluster
2024-11-28T19:48:19.965-05:00  INFO 19048 --- [Reservas-proyectos] [ln7.mongodb.net] org.mongodb.driver.cluster               : Adding discovered server servidorsantiago-shard-00-02.toln7.mongodb.net:27017 to client view of cluster
2024-11-28T19:48:19.969-05:00  INFO 19048 --- [Reservas-proyectos] [ln7.mongodb.net] org.mongodb.driver.cluster               : Adding discovered server servidorsantiago-shard-00-00.toln7.mongodb.net:27017 to client view of cluster
2024-11-28T19:48:21.371-05:00  INFO 19048 --- [Reservas-proyectos] [ngodb.net:27017] org.mongodb.driver.cluster               : Monitor thread successfully connected to server with description ServerDescription{address=servidorsantiago-shard-00-01.toln7.mongodb.net:27017, type=REPLICA_SET_PRIMARY, state=CONNECTED, ok=true, minWireVersion=0, maxWireVersion=25, maxDocumentSize=16777216, logicalSessionTimeoutMinutes=30, roundTripTimeNanos=849022400, setName='atlas-q80vlc-shard-0', canonicalAddress=servidorsantiago-shard-00-01.toln7.mongodb.net:27017, hosts=[servidorsantiago-shard-00-00.toln7.mongodb.net:27017, servidorsantiago-shard-00-01.toln7.mongodb.net:27017, servidorsantiago-shard-00-02.toln7.mongodb.net:27017], passives=[], arbiters=[], primary='servidorsantiago-shard-00-01.toln7.mongodb.net:27017', tagSet=TagSet{[Tag{name='availabilityZone', value='southamerica-east1-b'}, Tag{name='diskState', value='READY'}, Tag{name='nodeType', value='ELECTABLE'}, Tag{name='provider', value='GCP'}, Tag{name='region', value='SOUTH_AMERICA_EAST_1'}, Tag{name='workloadType', value='OPERATIONAL'}]}, electionId=7fffffff000000000000025e, setVersion=33, topologyVersion=TopologyVersion{processId=6745eb55ce9917973347f9ef, counter=6}, lastWriteDate=Thu Nov 28 19:48:20 COT 2024, lastUpdateTimeNanos=176367630764400}
2024-11-28T19:48:21.371-05:00  INFO 19048 --- [Reservas-proyectos] [ngodb.net:27017] org.mongodb.driver.cluster               : Monitor thread successfully connected to server with description ServerDescription{address=servidorsantiago-shard-00-02.toln7.mongodb.net:27017, type=REPLICA_SET_SECONDARY, state=CONNECTED, ok=true, minWireVersion=0, maxWireVersion=25, maxDocumentSize=16777216, logicalSessionTimeoutMinutes=30, roundTripTimeNanos=846956600, setName='atlas-q80vlc-shard-0', canonicalAddress=servidorsantiago-shard-00-02.toln7.mongodb.net:27017, hosts=[servidorsantiago-shard-00-00.toln7.mongodb.net:27017, servidorsantiago-shard-00-01.toln7.mongodb.net:27017, servidorsantiago-shard-00-02.toln7.mongodb.net:27017], passives=[], arbiters=[], primary='servidorsantiago-shard-00-01.toln7.mongodb.net:27017', tagSet=TagSet{[Tag{name='availabilityZone', value='southamerica-east1-c'}, Tag{name='diskState', value='READY'}, Tag{name='nodeType', value='ELECTABLE'}, Tag{name='provider', value='GCP'}, Tag{name='region', value='SOUTH_AMERICA_EAST_1'}, Tag{name='workloadType', value='OPERATIONAL'}]}, electionId=null, setVersion=33, topologyVersion=TopologyVersion{processId=6745efbff9d715d836a6318d, counter=3}, lastWriteDate=Thu Nov 28 19:48:20 COT 2024, lastUpdateTimeNanos=176367630764400}
2024-11-28T19:48:21.376-05:00  INFO 19048 --- [Reservas-proyectos] [ngodb.net:27017] org.mongodb.driver.cluster               : Discovered replica set primary servidorsantiago-shard-00-01.toln7.mongodb.net:27017 with max election id 7fffffff000000000000025e and max set version 33
2024-11-28T19:48:21.378-05:00  INFO 19048 --- [Reservas-proyectos] [ngodb.net:27017] org.mongodb.driver.cluster               : Monitor thread successfully connected to server with description ServerDescription{address=servidorsantiago-shard-00-00.toln7.mongodb.net:27017, type=REPLICA_SET_SECONDARY, state=CONNECTED, ok=true, minWireVersion=0, maxWireVersion=25, maxDocumentSize=16777216, logicalSessionTimeoutMinutes=30, roundTripTimeNanos=859336800, setName='atlas-q80vlc-shard-0', canonicalAddress=servidorsantiago-shard-00-00.toln7.mongodb.net:27017, hosts=[servidorsantiago-shard-00-00.toln7.mongodb.net:27017, servidorsantiago-shard-00-01.toln7.mongodb.net:27017, servidorsantiago-shard-00-02.toln7.mongodb.net:27017], passives=[], arbiters=[], primary='servidorsantiago-shard-00-01.toln7.mongodb.net:27017', tagSet=TagSet{[Tag{name='availabilityZone', value='southamerica-east1-a'}, Tag{name='diskState', value='READY'}, Tag{name='nodeType', value='ELECTABLE'}, Tag{name='provider', value='GCP'}, Tag{name='region', value='SOUTH_AMERICA_EAST_1'}, Tag{name='workloadType', value='OPERATIONAL'}]}, electionId=null, setVersion=33, topologyVersion=TopologyVersion{processId=6745e7378e79f40b4f105b71, counter=4}, lastWriteDate=Thu Nov 28 19:48:20 COT 2024, lastUpdateTimeNanos=176367648702800}
2024-11-28T19:48:21.594-05:00  INFO 19048 --- [Reservas-proyectos] [           main] c.R.a.ReservasProyectosApplicationTests  : Started ReservasProyectosApplicationTests in 4.0 seconds (process running for 5.91)
]]></system-out>
    <system-err><![CDATA[WARNING: A Java agent has been loaded dynamically (C:\Users\Usuario\.m2\repository\net\bytebuddy\byte-buddy-agent\1.14.19\byte-buddy-agent-1.14.19.jar)
WARNING: If a serviceability tool is in use, please run with -XX:+EnableDynamicAgentLoading to hide this warning
WARNING: If a serviceability tool is not in use, please run with -Djdk.instrument.traceUsage for more information
WARNING: Dynamic loading of agents will be disallowed by default in a future release
]]></system-err>
  </testcase>
</testsuite>